<?xml version="1.0" encoding="UTF-8"?>
<!-- Generated by org.testng.reporters.JUnitReportReporter -->
<testsuite hostname="Karans-MacBook-Pro.local" failures="0" tests="1" name="Dashboard.TestLogin" time="0.000" errors="0" timestamp="2021-10-16T14:17:18 IST" skipped="1">
  <testcase classname="Dashboard.TestLogin" name="login" time="0.000">
    <skipped/>
  </testcase> <!-- login -->
  <system-out/>
</testsuite> <!-- Dashboard.TestLogin -->
